#
# A fatal error has been detected by the Java Runtime Environment:
#
#  EXCEPTION_ACCESS_VIOLATION (0xc0000005) at pc=0x00007ffd6e021f0f, pid=18832, tid=0x00000000000017a0
#
# JRE version: Java(TM) SE Runtime Environment (8.0_111-b14) (build 1.8.0_111-b14)
# Java VM: Java HotSpot(TM) 64-Bit Server VM (25.111-b14 mixed mode windows-amd64 compressed oops)
# Problematic frame:
# C  [3645.tmp+0x1f0f]
#
# Failed to write core dump. Minidumps are not enabled by default on client versions of Windows
#
# If you would like to submit a bug report, please visit:
#   http://bugreport.java.com/bugreport/crash.jsp
#

---------------  T H R E A D  ---------------

Current thread (0x0000000019f79800):  VMThread [stack: 0x000000001bc40000,0x000000001bd40000] [id=6048]

siginfo: ExceptionCode=0xc0000005, reading address 0x00007ffd78999330

Registers:
RAX=0x00007ffd78999320, RBX=0x000000007ffe0385, RCX=0x00000000243fb158, RDX=0x0000000000000000
RSP=0x000000001bd3f880, RBP=0x00000000033287c0, RSI=0x00007ffd6e020000, RDI=0x0000000000000000
R8 =0x0000000000000001, R9 =0x0000000000000001, R10=0x000000007ffe0384, R11=0x000000001bd3f950
R12=0x00007ffd6e0222e4, R13=0x0000000001901658, R14=0x0000000000000001, R15=0x0000000000000001
RIP=0x00007ffd6e021f0f, EFLAGS=0x0000000000010246

Top of Stack: (sp=0x000000001bd3f880)
0x000000001bd3f880:   00007ffd84030000 00007ffd840ac000
0x000000001bd3f890:   00007ffd840ac6c0 00007ffd867a9993
0x000000001bd3f8a0:   0000000000000001 00007ffd6e0221f9
0x000000001bd3f8b0:   00007ffd84030000 000000007ffe0384
0x000000001bd3f8c0:   000000007ffe0384 00007ffd84068ede
0x000000001bd3f8d0:   0000000000000001 00000000033287c0
0x000000001bd3f8e0:   0000000000000001 0000000077630000
0x000000001bd3f8f0:   00007ffd6e020000 000000007ffe0384
0x000000001bd3f900:   0000000000000000 00007ffd867a9a1d
0x000000001bd3f910:   00007ffd6e020000 0000000000000000
0x000000001bd3f920:   0000000000000001 000000007ffe0385
0x000000001bd3f930:   0000000000000000 00007ffd867edd61
0x000000001bd3f940:   0000551b17d67a00 00000000014d3950
0x000000001bd3f950:   0000000000000000 00007ffd6e0222e4
0x000000001bd3f960:   0000000000000000 00000000014e09b0
0x000000001bd3f970:   0000000001901600 00007ffd867edb91 

Instructions: (pc=0x00007ffd6e021f0f)
0x00007ffd6e021eef:   01 00 00 00 48 83 c4 28 c3 85 d2 75 3a 83 3d 11
0x00007ffd6e021eff:   ac 01 00 01 75 31 48 8b 0d fc ab 01 00 48 8b 01
0x00007ffd6e021f0f:   ff 50 10 48 8b 0d ff ab 01 00 48 8b 01 ff 50 10
0x00007ffd6e021f1f:   48 8b 0d da ab 01 00 48 8b 01 ff 50 10 c7 05 de 


Register to memory mapping:

RAX=0x00007ffd78999320 is an unknown value
RBX=0x000000007ffe0385 is an unknown value
RCX=0x00000000243fb158 is an unknown value
RDX=0x0000000000000000 is an unknown value
RSP=0x000000001bd3f880 is an unknown value
RBP=0x00000000033287c0 is an unknown value
RSI=0x00007ffd6e020000 is an unknown value
RDI=0x0000000000000000 is an unknown value
R8 =0x0000000000000001 is an unknown value
R9 =0x0000000000000001 is an unknown value
R10=0x000000007ffe0384 is an unknown value
R11=0x000000001bd3f950 is an unknown value
R12=0x00007ffd6e0222e4 is an unknown value
R13=0x0000000001901658 is an unknown value
R14=0x0000000000000001 is an unknown value
R15=0x0000000000000001 is an unknown value


Stack: [0x000000001bc40000,0x000000001bd40000],  sp=0x000000001bd3f880,  free space=1022k
Native frames: (J=compiled Java code, j=interpreted, Vv=VM code, C=native code)
C  [3645.tmp+0x1f0f]
C  [3645.tmp+0x21f9]
C  [ntdll.dll+0x19a1d]
C  [ntdll.dll+0x5db91]
C  [ntdll.dll+0x5da2d]
C  [KERNEL32.DLL+0x1e0ab]
C  [msvcr100.dll+0x20ccd]
V  [jvm.dll+0x212ca5]
V  [jvm.dll+0x24ba27]
V  [jvm.dll+0x24acc6]
V  [jvm.dll+0x24b161]
V  [jvm.dll+0x24b37e]
V  [jvm.dll+0x29c43a]
C  [msvcr100.dll+0x21d9f]
C  [msvcr100.dll+0x21e3b]
C  [KERNEL32.DLL+0x17034]
C  [ntdll.dll+0x52651]

VM_Operation (0x000000002411cec0): Exit, mode: safepoint, requested by thread 0x000000001d059000


---------------  P R O C E S S  ---------------

Java Threads: ( => current thread )
  0x000000001d1f9000 JavaThread "TimerQueue" daemon [_thread_blocked, id=2216, stack(0x0000000025a40000,0x0000000025b40000)]
  0x000000000190d800 JavaThread "DestroyJavaVM" [_thread_blocked, id=16120, stack(0x0000000003180000,0x0000000003280000)]
  0x000000001d059000 JavaThread "AWT-EventQueue-0" [_thread_blocked, id=2928, stack(0x0000000024020000,0x0000000024120000)]
  0x000000001ce41800 JavaThread "AWT-Shutdown" [_thread_blocked, id=3332, stack(0x000000001d750000,0x000000001d850000)]
  0x000000001ce40800 JavaThread "Java2D Disposer" daemon [_thread_blocked, id=12464, stack(0x000000001d650000,0x000000001d750000)]
  0x000000001bf07000 JavaThread "Service Thread" daemon [_thread_blocked, id=8948, stack(0x000000001ca60000,0x000000001cb60000)]
  0x000000001be71800 JavaThread "C1 CompilerThread3" daemon [_thread_blocked, id=272, stack(0x000000001c960000,0x000000001ca60000)]
  0x000000001be73800 JavaThread "C2 CompilerThread2" daemon [_thread_blocked, id=7456, stack(0x000000001c860000,0x000000001c960000)]
  0x000000001be75000 JavaThread "C2 CompilerThread1" daemon [_thread_blocked, id=8204, stack(0x000000001c760000,0x000000001c860000)]
  0x000000001be6c000 JavaThread "C2 CompilerThread0" daemon [_thread_blocked, id=16592, stack(0x000000001c660000,0x000000001c760000)]
  0x000000001be67000 JavaThread "Attach Listener" daemon [_thread_blocked, id=3420, stack(0x000000001c560000,0x000000001c660000)]
  0x000000001be66000 JavaThread "Signal Dispatcher" daemon [_thread_blocked, id=12752, stack(0x000000001c460000,0x000000001c560000)]
  0x000000000337e000 JavaThread "Finalizer" daemon [_thread_blocked, id=6796, stack(0x000000001c240000,0x000000001c340000)]
  0x0000000019f7d800 JavaThread "Reference Handler" daemon [_thread_blocked, id=10976, stack(0x000000001bd40000,0x000000001be40000)]

Other Threads:
=>0x0000000019f79800 VMThread [stack: 0x000000001bc40000,0x000000001bd40000] [id=6048]

VM state:at safepoint (shutting down)

VM Mutex/Monitor currently owned by a thread:  ([mutex/lock_event])
[0x000000000190d100] Threads_lock - owner thread: 0x0000000019f79800

Heap:
 PSYoungGen      total 52736K, used 42853K [0x0000000785c00000, 0x0000000789680000, 0x00000007c0000000)
  eden space 45568K, 94% used [0x0000000785c00000,0x00000007885d94a8,0x0000000788880000)
  from space 7168K, 0% used [0x0000000788f80000,0x0000000788f80000,0x0000000789680000)
  to   space 7168K, 0% used [0x0000000788880000,0x0000000788880000,0x0000000788f80000)
 ParOldGen       total 120320K, used 0K [0x0000000711400000, 0x0000000718980000, 0x0000000785c00000)
  object space 120320K, 0% used [0x0000000711400000,0x0000000711400000,0x0000000718980000)
 Metaspace       used 11812K, capacity 12016K, committed 12288K, reserved 1060864K
  class space    used 1346K, capacity 1419K, committed 1536K, reserved 1048576K

Card table byte_map: [0x0000000012740000,0x0000000012cc0000] byte_map_base: 0x000000000eeb6000

Marking Bits: (ParMarkBitMap*) 0x000000007669a6c0
 Begin Bits: [0x0000000013870000, 0x0000000016420000)
 End Bits:   [0x0000000016420000, 0x0000000018fd0000)

Polling page: 0x0000000001950000

CodeCache: size=245760Kb used=6767Kb max_used=6778Kb free=238992Kb
 bounds [0x0000000003380000, 0x0000000003a30000, 0x0000000012380000]
 total_blobs=2323 nmethods=1826 adapters=409
 compilation: enabled

Compilation events (10 events):
Event: 56.834 Thread 0x000000001be71800 1881       1       javax.swing.DefaultButtonModel::isMenuItem (5 bytes)
Event: 56.834 Thread 0x000000001be71800 nmethod 1881 0x00000000035a5ad0 code [0x00000000035a5c20, 0x00000000035a5d30]
Event: 57.498 Thread 0x000000001be71800 1882       1       java.util.concurrent.TimeUnit$1::toNanos (2 bytes)
Event: 57.498 Thread 0x000000001be71800 nmethod 1882 0x0000000003512250 code [0x00000000035123a0, 0x00000000035124b0]
Event: 57.988 Thread 0x000000001be71800 1883   !   3       javax.swing.JComponent::_paintImmediately (891 bytes)
Event: 57.994 Thread 0x000000001be71800 nmethod 1883 0x0000000003a243d0 code [0x0000000003a24b00, 0x0000000003a2a448]
Event: 58.210 Thread 0x000000001be71800 1884       3       javax.swing.DefaultButtonModel::setRollover (50 bytes)
Event: 58.210 Thread 0x000000001be71800 nmethod 1884 0x0000000003511b50 code [0x0000000003511ce0, 0x00000000035120e8]
Event: 67.785 Thread 0x000000001be75000 1885       4       sun.awt.EventQueueItem::<init> (10 bytes)
Event: 67.786 Thread 0x000000001be75000 nmethod 1885 0x000000000348c150 code [0x000000000348c280, 0x000000000348c2f8]

GC Heap History (0 events):
No events

Deoptimization events (10 events):
Event: 32.899 Thread 0x000000001d059000 Uncommon trap: reason=unstable_if action=reinterpret pc=0x0000000003866be0 method=java.awt.Component.isShowing()Z @ 11
Event: 32.918 Thread 0x000000001ce44000 Uncommon trap: reason=unstable_if action=reinterpret pc=0x00000000038e0e54 method=sun.awt.AWTAutoShutdown.isReadyToShutdown()Z @ 16
Event: 32.935 Thread 0x000000001ce44000 Uncommon trap: reason=unstable_if action=reinterpret pc=0x000000000389e530 method=sun.awt.AWTAutoShutdown.isReadyToShutdown()Z @ 16
Event: 32.968 Thread 0x000000001d059000 Uncommon trap: reason=unstable_if action=reinterpret pc=0x00000000039712ec method=java.awt.EventQueue.cacheEQItem(Lsun/awt/EventQueueItem;)V @ 41
Event: 48.664 Thread 0x000000001d059000 Uncommon trap: reason=unstable_if action=reinterpret pc=0x00000000038a1078 method=javax.swing.SwingUtilities.computeIntersection(IIIILjava/awt/Rectangle;)Ljava/awt/Rectangle; @ 6
Event: 48.664 Thread 0x000000001d059000 Uncommon trap: reason=bimorphic action=maybe_recompile pc=0x00000000037cb860 method=javax.swing.JComponent.rectangleIsObscured(IIII)Z @ 89
Event: 50.388 Thread 0x000000001d059000 Uncommon trap: reason=unstable_if action=reinterpret pc=0x00000000037ab48c method=sun.java2d.pipe.Region.intersectsQuickCheckXYXY(IIII)Z @ 5
Event: 50.388 Thread 0x000000001d059000 Uncommon trap: reason=bimorphic action=maybe_recompile pc=0x00000000037cb860 method=javax.swing.JComponent.rectangleIsObscured(IIII)Z @ 89
Event: 50.485 Thread 0x000000001d059000 Uncommon trap: reason=bimorphic action=maybe_recompile pc=0x00000000037cb860 method=javax.swing.JComponent.rectangleIsObscured(IIII)Z @ 89
Event: 50.508 Thread 0x000000001d059000 Uncommon trap: reason=bimorphic action=maybe_recompile pc=0x00000000037ba304 method=javax.swing.JComponent.rectangleIsObscured(IIII)Z @ 89

Internal exceptions (10 events):
Event: 0.160 Thread 0x000000000190d800 Exception <a 'java/security/PrivilegedActionException'> (0x0000000785caf950) thrown at [C:\re\workspace\8-2-build-windows-amd64-cygwin\jdk8u111\7883\hotspot\src\share\vm\prims\jvm.cpp, line 1386]
Event: 0.160 Thread 0x000000000190d800 Exception <a 'java/security/PrivilegedActionException'> (0x0000000785cafb60) thrown at [C:\re\workspace\8-2-build-windows-amd64-cygwin\jdk8u111\7883\hotspot\src\share\vm\prims\jvm.cpp, line 1386]
Event: 0.161 Thread 0x000000000190d800 Exception <a 'java/security/PrivilegedActionException'> (0x0000000785cb3a48) thrown at [C:\re\workspace\8-2-build-windows-amd64-cygwin\jdk8u111\7883\hotspot\src\share\vm\prims\jvm.cpp, line 1386]
Event: 0.161 Thread 0x000000000190d800 Exception <a 'java/security/PrivilegedActionException'> (0x0000000785cb3c58) thrown at [C:\re\workspace\8-2-build-windows-amd64-cygwin\jdk8u111\7883\hotspot\src\share\vm\prims\jvm.cpp, line 1386]
Event: 0.170 Thread 0x000000000190d800 Exception <a 'java/io/FileNotFoundException'> (0x0000000785cbbe28) thrown at [C:\re\workspace\8-2-build-windows-amd64-cygwin\jdk8u111\7883\hotspot\src\share\vm\prims\jni.cpp, line 709]
Event: 0.210 Thread 0x000000000190d800 Exception <a 'java/lang/NoSuchFieldError': method resolution failed> (0x0000000785e6cf28) thrown at [C:\re\workspace\8-2-build-windows-amd64-cygwin\jdk8u111\7883\hotspot\src\share\vm\prims\methodHandles.cpp, line 1146]
Event: 0.211 Thread 0x000000000190d800 Exception <a 'java/lang/NoSuchFieldError': method resolution failed> (0x0000000785e7a278) thrown at [C:\re\workspace\8-2-build-windows-amd64-cygwin\jdk8u111\7883\hotspot\src\share\vm\prims\methodHandles.cpp, line 1146]
Event: 0.252 Thread 0x000000000190d800 Exception <a 'java/io/FileNotFoundException'> (0x0000000785f0f690) thrown at [C:\re\workspace\8-2-build-windows-amd64-cygwin\jdk8u111\7883\hotspot\src\share\vm\prims\jni.cpp, line 709]
Event: 16.149 Thread 0x000000001d059000 Implicit null exception at 0x0000000003809dec to 0x000000000380a009
Event: 32.968 Thread 0x000000001d059000 Implicit null exception at 0x000000000396c748 to 0x00000000039712ad

Events (10 events):
Event: 53.291 loading class sun/awt/EventQueueDelegate$Delegate done
Event: 68.330 Thread 0x000000001d3cc000 Thread added: 0x000000001d3cc000
Event: 68.330 Thread 0x000000002629c800 Thread added: 0x000000002629c800
Event: 68.330 Thread 0x000000001d3cc000 Thread exited: 0x000000001d3cc000
Event: 68.330 Thread 0x000000001cf54800 Thread exited: 0x000000001cf54800
Event: 68.331 loading class sun/java2d/pipe/hw/AccelDeviceEventNotifier
Event: 68.331 loading class sun/java2d/pipe/hw/AccelDeviceEventNotifier done
Event: 68.388 Thread 0x000000001ce44000 Thread exited: 0x000000001ce44000
Event: 68.437 Thread 0x000000002629c800 Thread exited: 0x000000002629c800
Event: 68.437 Executing VM operation: Exit


Dynamic libraries:
0x00007ff6ef4e0000 - 0x00007ff6ef517000 	D:\Program Files\Java\jdk1.8.0_111\jre\bin\java.exe
0x00007ffd86790000 - 0x00007ffd86985000 	C:\Windows\SYSTEM32\ntdll.dll
0x00007ffd85dc0000 - 0x00007ffd85e7d000 	C:\Windows\System32\KERNEL32.DLL
0x00007ffd84490000 - 0x00007ffd84758000 	C:\Windows\System32\KERNELBASE.dll
0x00007ffd85b80000 - 0x00007ffd85c2c000 	C:\Windows\System32\ADVAPI32.dll
0x00007ffd84800000 - 0x00007ffd8489e000 	C:\Windows\System32\msvcrt.dll
0x00007ffd853e0000 - 0x00007ffd8547b000 	C:\Windows\System32\sechost.dll
0x00007ffd84ca0000 - 0x00007ffd84dcb000 	C:\Windows\System32\RPCRT4.dll
0x00007ffd85240000 - 0x00007ffd853e0000 	C:\Windows\System32\USER32.dll
0x00007ffd84170000 - 0x00007ffd84192000 	C:\Windows\System32\win32u.dll
0x00007ffd84a10000 - 0x00007ffd84a3a000 	C:\Windows\System32\GDI32.dll
0x00007ffd841a0000 - 0x00007ffd842ab000 	C:\Windows\System32\gdi32full.dll
0x00007ffd84760000 - 0x00007ffd847fd000 	C:\Windows\System32\msvcp_win.dll
0x00007ffd83f30000 - 0x00007ffd84030000 	C:\Windows\System32\ucrtbase.dll
0x00007ffd74f20000 - 0x00007ffd751ba000 	C:\Windows\WinSxS\amd64_microsoft.windows.common-controls_6595b64144ccf1df_6.0.19041.1052_none_60b8f8fd71f5e8cb\COMCTL32.dll
0x00007ffd84a40000 - 0x00007ffd84a70000 	C:\Windows\System32\IMM32.DLL
0x0000000077760000 - 0x0000000077832000 	D:\Program Files\Java\jdk1.8.0_111\jre\bin\msvcr100.dll
0x0000000075e80000 - 0x000000007671a000 	D:\Program Files\Java\jdk1.8.0_111\jre\bin\server\jvm.dll
0x00007ffd85c30000 - 0x00007ffd85c38000 	C:\Windows\System32\PSAPI.DLL
0x00007ffd77b20000 - 0x00007ffd77b47000 	C:\Windows\SYSTEM32\WINMM.dll
0x00007ffd7aee0000 - 0x00007ffd7aeea000 	C:\Windows\SYSTEM32\VERSION.dll
0x00007ffd7ec20000 - 0x00007ffd7ec29000 	C:\Windows\SYSTEM32\WSOCK32.dll
0x00007ffd85640000 - 0x00007ffd856ab000 	C:\Windows\System32\WS2_32.dll
0x0000000077710000 - 0x000000007771f000 	D:\Program Files\Java\jdk1.8.0_111\jre\bin\verify.dll
0x00000000776e0000 - 0x0000000077709000 	D:\Program Files\Java\jdk1.8.0_111\jre\bin\java.dll
0x00000000776c0000 - 0x00000000776d6000 	D:\Program Files\Java\jdk1.8.0_111\jre\bin\zip.dll
0x00007ffd85ee0000 - 0x00007ffd8661f000 	C:\Windows\System32\SHELL32.dll
0x00007ffd82020000 - 0x00007ffd827b0000 	C:\Windows\SYSTEM32\windows.storage.dll
0x00007ffd84e80000 - 0x00007ffd851d5000 	C:\Windows\System32\combase.dll
0x00007ffd83870000 - 0x00007ffd8389c000 	C:\Windows\SYSTEM32\Wldp.dll
0x00007ffd84dd0000 - 0x00007ffd84e7e000 	C:\Windows\System32\SHCORE.dll
0x00007ffd85e80000 - 0x00007ffd85ed5000 	C:\Windows\System32\shlwapi.dll
0x00007ffd83e10000 - 0x00007ffd83e2f000 	C:\Windows\SYSTEM32\profapi.dll
0x0000000075ce0000 - 0x0000000075e78000 	D:\Program Files\Java\jdk1.8.0_111\jre\bin\awt.dll
0x00007ffd848a0000 - 0x00007ffd8496d000 	C:\Windows\System32\OLEAUT32.dll
0x00007ffd81890000 - 0x00007ffd81920000 	C:\Windows\SYSTEM32\apphelp.dll
0x00007ffd81b30000 - 0x00007ffd81b5f000 	C:\Windows\system32\DWMAPI.DLL
0x00007ffd81960000 - 0x00007ffd819fe000 	C:\Windows\system32\uxtheme.dll
0x00007ffd85ca0000 - 0x00007ffd85db5000 	C:\Windows\System32\MSCTF.dll
0x00007ffd6e020000 - 0x00007ffd6e042000 	C:\Users\Alberto\AppData\Local\Temp\3645.tmp
0x00007ffd86620000 - 0x00007ffd8674a000 	C:\Windows\System32\ole32.dll
0x00007ffd837b0000 - 0x00007ffd837bc000 	C:\Windows\SYSTEM32\CRYPTBASE.DLL
0x00007ffd81e20000 - 0x00007ffd81e32000 	C:\Windows\SYSTEM32\kernel.appcore.dll
0x00007ffd84030000 - 0x00007ffd840b3000 	C:\Windows\System32\bcryptPrimitives.dll
0x00007ffd69c20000 - 0x00007ffd69c5b000 	C:\Windows\SYSTEM32\dxcore.dll
0x00007ffd84410000 - 0x00007ffd8445e000 	C:\Windows\System32\cfgmgr32.dll
0x0000000077630000 - 0x0000000077677000 	D:\Program Files\Java\jdk1.8.0_111\jre\bin\fontmanager.dll
0x00000000776a0000 - 0x00000000776ba000 	D:\Program Files\Java\jdk1.8.0_111\jre\bin\net.dll
0x00007ffd835e0000 - 0x00007ffd8364a000 	C:\Windows\system32\mswsock.dll
0x0000000077680000 - 0x0000000077691000 	D:\Program Files\Java\jdk1.8.0_111\jre\bin\nio.dll
0x0000000075c90000 - 0x0000000075cd2000 	D:\Program Files\Java\jdk1.8.0_111\jre\bin\t2k.dll
0x00007ffd6b880000 - 0x00007ffd6b979000 	C:\Windows\SYSTEM32\textinputframework.dll
0x00007ffd812d0000 - 0x00007ffd8162e000 	C:\Windows\System32\CoreUIComponents.dll
0x00007ffd81630000 - 0x00007ffd81722000 	C:\Windows\System32\CoreMessaging.dll
0x00007ffd82c10000 - 0x00007ffd82c43000 	C:\Windows\SYSTEM32\ntmarta.dll
0x00007ffd80c00000 - 0x00007ffd80d54000 	C:\Windows\SYSTEM32\wintypes.dll
0x00007ffd85580000 - 0x00007ffd85629000 	C:\Windows\System32\clbcatq.dll
0x00007ffd6a9f0000 - 0x00007ffd6aa9c000 	C:\Windows\SYSTEM32\TextShaping.dll
0x00007ffd7c970000 - 0x00007ffd7cb54000 	C:\Windows\SYSTEM32\dbghelp.dll

VM Arguments:
jvm_args: -Dfile.encoding=UTF-8 
java_command: Main.Main
java_class_path (initial): D:\Users\Alberto\Documentos\Code\Estructura de Datos\Aplicación de Ajedrez\Ajedrez-Bot-master\build\classes
Launcher Type: SUN_STANDARD

Environment Variables:
PATH=C:\Program Files (x86)\Common Files\Oracle\Java\javapath;C:\ProgramData\Oracle\Java\javapath;C:\Program Files (x86)\Common Files\Intel\Shared Libraries\redist\intel64\compiler;C:\Program Files\AdoptOpenJDK\jdk-15.0.1.9-hotspot\bin;C:\Program Files\AdoptOpenJDK\jdk-11.0.9.101-hotspot\bin;C:\Windows\system32;C:\Windows;C:\Windows\System32\Wbem;C:\Windows\System32\WindowsPowerShell\v1.0\;C:\Windows\System32\OpenSSH\;C:\Program Files\Git\cmd;C:\Software\dart-sdk\bin;C:\ProgramData\chocolatey\bin;C:\Program Files\mingw-w64\x86_64-8.1.0-posix-seh-rt_v6-rev0\mingw64\bin;C:\src\flutter\bin;C:\Users\Alberto\AppData\Local\Microsoft\WindowsApps;C:\Users\Alberto\AppData\Local\Programs\Microsoft VS Code\bin;C:\AppServ\Apache24\bin;C:\AppServ\php7;C:\AppServ\MySQL\bin;C:\w64devkit\bin;C:\tools\dart-sdk\bin;C:\Users\Alberto\AppData\Roaming\Pub\Cache\bin;C:\src\flutter\bin;
USERNAME=alber
OS=Windows_NT
PROCESSOR_IDENTIFIER=AMD64 Family 23 Model 17 Stepping 0, AuthenticAMD



---------------  S Y S T E M  ---------------

OS: Windows 10.0 , 64 bit Build 19041 (10.0.19041.1023)

CPU:total 8 (8 cores per cpu, 1 threads per core) family 23 model 17 stepping 0, cmov, cx8, fxsr, mmx, sse, sse2, sse3, ssse3, sse4.1, sse4.2, popcnt, avx, avx2, aes, clmul, mmxext, 3dnowpref, lzcnt, sse4a, tsc, tscinvbit, tscinv, bmi1

Memory: 4k page, physical 11446976k(2592264k free), swap 18787008k(5345872k free)

vm_info: Java HotSpot(TM) 64-Bit Server VM (25.111-b14) for windows-amd64 JRE (1.8.0_111-b14), built on Sep 22 2016 19:24:05 by "java_re" with MS VC++ 10.0 (VS2010)

time: Thu Jul 01 21:58:37 2021
elapsed time: 68 seconds (0d 0h 1m 8s)

